<?xml version="1.0" encoding="UTF-8"?>
<testng-results ignored="0" total="1" passed="1" failed="0" skipped="0">
  <reporter-output>
  </reporter-output>
  <suite started-at="2023-05-02T11:29:36 IST" name="Default suite" finished-at="2023-05-02T11:29:47 IST" duration-ms="11878">
    <groups>
    </groups>
    <test started-at="2023-05-02T11:29:36 IST" name="Default test" finished-at="2023-05-02T11:29:47 IST" duration-ms="11878">
      <class name="day19.demo4">
        <test-method signature="testA()[pri:0, instance:day19.demo4@515aebb0]" started-at="2023-05-02T11:29:36 IST" name="testA" finished-at="2023-05-02T11:29:47 IST" duration-ms="11794" status="PASS">
          <reporter-output>
          </reporter-output>
        </test-method> <!-- testA -->
      </class> <!-- day19.demo4 -->
    </test> <!-- Default test -->
  </suite> <!-- Default suite -->
</testng-results>
